# JRE version: Java(TM) SE Runtime Environment (8.0_91-b15) (build 1.8.0_91-b15)
# Java VM: Java HotSpot(TM) 64-Bit Server VM (25.91-b15 mixed mode windows-amd64 compressed oops)
Heap:
 par new generation   total 118016K, used 51787K [0x00000000c0000000, 0x00000000c8000000, 0x00000000c8000000)
  eden space 104960K,  48% used [0x00000000c0000000, 0x00000000c316ea50, 0x00000000c6680000)
  from space 13056K,   8% used [0x00000000c7340000, 0x00000000c7464220, 0x00000000c8000000)
  to   space 13056K,   0% used [0x00000000c6680000, 0x00000000c6680000, 0x00000000c7340000)
 concurrent mark-sweep generation total 831432K, used 449882K [0x00000000c8000000, 0x00000000fabf2000, 0x0000000100000000)
 Metaspace       used 42499K, capacity 42735K, committed 43304K, reserved 1087488K
  class space    used 4847K, capacity 4926K, committed 4964K, reserved 1048576K
GC Heap History (10 events):
Event: 1276.604 GC heap before
{Heap before GC invocations=747 (full 47):
 par new generation   total 118016K, used 108745K [0x00000000c0000000, 0x00000000c8000000, 0x00000000c8000000)
  eden space 104960K, 100% used [0x00000000c0000000, 0x00000000c6680000, 0x00000000c6680000)
  from space 13056K,  28% used [0x00000000c6680000, 0x00000000c6a32480, 0x00000000c7340000)
  to   space 13056K,   0% used [0x00000000c7340000, 0x00000000c7340000, 0x00000000c8000000)
 concurrent mark-sweep generation total 831432K, used 446928K [0x00000000c8000000, 0x00000000fabf2000, 0x0000000100000000)
 Metaspace       used 42482K, capacity 42735K, committed 43304K, reserved 1087488K
  class space    used 4847K, capacity 4926K, committed 4964K, reserved 1048576K
Event: 1276.608 GC heap after
Heap after GC invocations=748 (full 47):
 par new generation   total 118016K, used 4388K [0x00000000c0000000, 0x00000000c8000000, 0x00000000c8000000)
  eden space 104960K,   0% used [0x00000000c0000000, 0x00000000c0000000, 0x00000000c6680000)
  from space 13056K,  33% used [0x00000000c7340000, 0x00000000c77892d0, 0x00000000c8000000)
  to   space 13056K,   0% used [0x00000000c6680000, 0x00000000c6680000, 0x00000000c7340000)
 concurrent mark-sweep generation total 831432K, used 447110K [0x00000000c8000000, 0x00000000fabf2000, 0x0000000100000000)
 Metaspace       used 42482K, capacity 42735K, committed 43304K, reserved 1087488K
  class space    used 4847K, capacity 4926K, committed 4964K, reserved 1048576K
}
Event: 1341.175 GC heap before
{Heap before GC invocations=748 (full 47):
 par new generation   total 118016K, used 109348K [0x00000000c0000000, 0x00000000c8000000, 0x00000000c8000000)
  eden space 104960K, 100% used [0x00000000c0000000, 0x00000000c6680000, 0x00000000c6680000)
  from space 13056K,  33% used [0x00000000c7340000, 0x00000000c77892d0, 0x00000000c8000000)
  to   space 13056K,   0% used [0x00000000c6680000, 0x00000000c6680000, 0x00000000c7340000)
 concurrent mark-sweep generation total 831432K, used 447110K [0x00000000c8000000, 0x00000000fabf2000, 0x0000000100000000)
 Metaspace       used 42485K, capacity 42735K, committed 43304K, reserved 1087488K
  class space    used 4847K, capacity 4926K, committed 4964K, reserved 1048576K
Event: 1341.179 GC heap after
Heap after GC invocations=749 (full 47):
 par new generation   total 118016K, used 3042K [0x00000000c0000000, 0x00000000c8000000, 0x00000000c8000000)
  eden space 104960K,   0% used [0x00000000c0000000, 0x00000000c0000000, 0x00000000c6680000)
  from space 13056K,  23% used [0x00000000c6680000, 0x00000000c6978bb8, 0x00000000c7340000)
  to   space 13056K,   0% used [0x00000000c7340000, 0x00000000c7340000, 0x00000000c8000000)
 concurrent mark-sweep generation total 831432K, used 448565K [0x00000000c8000000, 0x00000000fabf2000, 0x0000000100000000)
 Metaspace       used 42485K, capacity 42735K, committed 43304K, reserved 1087488K
  class space    used 4847K, capacity 4926K, committed 4964K, reserved 1048576K
}
Event: 1406.935 GC heap before
{Heap before GC invocations=749 (full 47):
 par new generation   total 118016K, used 108002K [0x00000000c0000000, 0x00000000c8000000, 0x00000000c8000000)
  eden space 104960K, 100% used [0x00000000c0000000, 0x00000000c6680000, 0x00000000c6680000)
  from space 13056K,  23% used [0x00000000c6680000, 0x00000000c6978bb8, 0x00000000c7340000)
  to   space 13056K,   0% used [0x00000000c7340000, 0x00000000c7340000, 0x00000000c8000000)
 concurrent mark-sweep generation total 831432K, used 448565K [0x00000000c8000000, 0x00000000fabf2000, 0x0000000100000000)
 Metaspace       used 42495K, capacity 42735K, committed 43304K, reserved 1087488K
  class space    used 4847K, capacity 4926K, committed 4964K, reserved 1048576K
Event: 1406.941 GC heap after
Heap after GC invocations=750 (full 47):
 par new generation   total 118016K, used 2314K [0x00000000c0000000, 0x00000000c8000000, 0x00000000c8000000)
  eden space 104960K,   0% used [0x00000000c0000000, 0x00000000c0000000, 0x00000000c6680000)
  from space 13056K,  17% used [0x00000000c7340000, 0x00000000c7582a18, 0x00000000c8000000)
  to   space 13056K,   0% used [0x00000000c6680000, 0x00000000c6680000, 0x00000000c7340000)
 concurrent mark-sweep generation total 831432K, used 449103K [0x00000000c8000000, 0x00000000fabf2000, 0x0000000100000000)
 Metaspace       used 42495K, capacity 42735K, committed 43304K, reserved 1087488K
  class space    used 4847K, capacity 4926K, committed 4964K, reserved 1048576K
}
Event: 1472.312 GC heap before
{Heap before GC invocations=750 (full 47):
 par new generation   total 118016K, used 107274K [0x00000000c0000000, 0x00000000c8000000, 0x00000000c8000000)
  eden space 104960K, 100% used [0x00000000c0000000, 0x00000000c6680000, 0x00000000c6680000)
  from space 13056K,  17% used [0x00000000c7340000, 0x00000000c7582a18, 0x00000000c8000000)
  to   space 13056K,   0% used [0x00000000c6680000, 0x00000000c6680000, 0x00000000c7340000)
 concurrent mark-sweep generation total 831432K, used 449103K [0x00000000c8000000, 0x00000000fabf2000, 0x0000000100000000)
 Metaspace       used 42495K, capacity 42735K, committed 43304K, reserved 1087488K
  class space    used 4847K, capacity 4926K, committed 4964K, reserved 1048576K
Event: 1472.317 GC heap after
Heap after GC invocations=751 (full 47):
 par new generation   total 118016K, used 1816K [0x00000000c0000000, 0x00000000c8000000, 0x00000000c8000000)
  eden space 104960K,   0% used [0x00000000c0000000, 0x00000000c0000000, 0x00000000c6680000)
  from space 13056K,  13% used [0x00000000c6680000, 0x00000000c6846080, 0x00000000c7340000)
  to   space 13056K,   0% used [0x00000000c7340000, 0x00000000c7340000, 0x00000000c8000000)
 concurrent mark-sweep generation total 831432K, used 449543K [0x00000000c8000000, 0x00000000fabf2000, 0x0000000100000000)
 Metaspace       used 42495K, capacity 42735K, committed 43304K, reserved 1087488K
  class space    used 4847K, capacity 4926K, committed 4964K, reserved 1048576K
}
Event: 1537.592 GC heap before
{Heap before GC invocations=751 (full 47):
 par new generation   total 118016K, used 106776K [0x00000000c0000000, 0x00000000c8000000, 0x00000000c8000000)
  eden space 104960K, 100% used [0x00000000c0000000, 0x00000000c6680000, 0x00000000c6680000)
  from space 13056K,  13% used [0x00000000c6680000, 0x00000000c6846080, 0x00000000c7340000)
  to   space 13056K,   0% used [0x00000000c7340000, 0x00000000c7340000, 0x00000000c8000000)
 concurrent mark-sweep generation total 831432K, used 449543K [0x00000000c8000000, 0x00000000fabf2000, 0x0000000100000000)
 Metaspace       used 42495K, capacity 42735K, committed 43304K, reserved 1087488K
  class space    used 4847K, capacity 4926K, committed 4964K, reserved 1048576K
Event: 1537.595 GC heap after
Heap after GC invocations=752 (full 47):
 par new generation   total 118016K, used 1168K [0x00000000c0000000, 0x00000000c8000000, 0x00000000c8000000)
  eden space 104960K,   0% used [0x00000000c0000000, 0x00000000c0000000, 0x00000000c6680000)
  from space 13056K,   8% used [0x00000000c7340000, 0x00000000c7464220, 0x00000000c8000000)
  to   space 13056K,   0% used [0x00000000c6680000, 0x00000000c6680000, 0x00000000c7340000)
 concurrent mark-sweep generation total 831432K, used 449882K [0x00000000c8000000, 0x00000000fabf2000, 0x0000000100000000)
 Metaspace       used 42495K, capacity 42735K, committed 43304K, reserved 1087488K
  class space    used 4847K, capacity 4926K, committed 4964K, reserved 1048576K
}

